c:\users\ashok\missionrndprojects\recursion1\src\debug\src.pch
c:\users\ashok\missionrndprojects\recursion1\src\debug\vc120.pdb
c:\users\ashok\missionrndprojects\recursion1\src\debug\vc120.idb
c:\users\ashok\missionrndprojects\recursion1\src\debug\stdafx.obj
c:\users\ashok\missionrndprojects\recursion1\src\debug\ropestudents.obj
c:\users\ashok\missionrndprojects\recursion1\src\debug\countpairs.obj
c:\users\ashok\missionrndprojects\recursion1\src\debug\mainrecursion.obj
c:\users\ashok\missionrndprojects\recursion1\src\debug\maze.obj
c:\users\ashok\missionrndprojects\recursion1\src\debug\nsnipers.obj
c:\users\ashok\missionrndprojects\recursion1\src\debug\pillars.obj
c:\users\ashok\missionrndprojects\recursion1\src\debug\spiral.obj
c:\users\ashok\missionrndprojects\recursion1\src\debug\steps.obj
c:\users\ashok\missionrndprojects\recursion1\debug\src.ilk
c:\users\ashok\missionrndprojects\recursion1\debug\src.exe
c:\users\ashok\missionrndprojects\recursion1\debug\src.pdb
c:\users\ashok\missionrndprojects\recursion1\src\debug\src.tlog\cl.command.1.tlog
c:\users\ashok\missionrndprojects\recursion1\src\debug\src.tlog\cl.read.1.tlog
c:\users\ashok\missionrndprojects\recursion1\src\debug\src.tlog\cl.write.1.tlog
c:\users\ashok\missionrndprojects\recursion1\src\debug\src.tlog\link.command.1.tlog
c:\users\ashok\missionrndprojects\recursion1\src\debug\src.tlog\link.read.1.tlog
c:\users\ashok\missionrndprojects\recursion1\src\debug\src.tlog\link.write.1.tlog
