g:\education\c units\c-basics-master\src\debug\vc120.pdb
g:\education\c units\c-basics-master\src\debug\vc120.idb
g:\education\c units\c-basics-master\src\debug\count.obj
g:\education\c units\c-basics-master\src\debug\countfactorials.obj
g:\education\c units\c-basics-master\src\debug\countones.obj
g:\education\c units\c-basics-master\src\debug\decimaltooctal.obj
g:\education\c units\c-basics-master\src\debug\isolder.obj
g:\education\c units\c-basics-master\src\debug\isperfect.obj
g:\education\c units\c-basics-master\src\debug\mainbasics.obj
g:\education\c units\c-basics-master\src\debug\nthnumber.obj
g:\education\c units\c-basics-master\src\debug\octaltohexadecimal.obj
g:\education\c units\c-basics-master\src\debug\swapbits.obj
g:\education\c units\c-basics-master\src\debug\sum.obj
g:\education\c units\c-basics-master\src\debug\swap.obj
g:\education\c units\c-basics-master\src\debug\variablearguments.obj
g:\education\c units\c-basics-master\debug\src.ilk
g:\education\c units\c-basics-master\debug\src.exe
g:\education\c units\c-basics-master\debug\src.pdb
g:\education\c units\c-basics-master\src\debug\src.tlog\cl.command.1.tlog
g:\education\c units\c-basics-master\src\debug\src.tlog\cl.read.1.tlog
g:\education\c units\c-basics-master\src\debug\src.tlog\cl.write.1.tlog
g:\education\c units\c-basics-master\src\debug\src.tlog\link.command.1.tlog
g:\education\c units\c-basics-master\src\debug\src.tlog\link.read.1.tlog
g:\education\c units\c-basics-master\src\debug\src.tlog\link.write.1.tlog
