g:\education\c units\carrayslesson2\c-arrays-lesson2\src\debug\vc120.pdb
g:\education\c units\carrayslesson2\c-arrays-lesson2\src\debug\vc120.idb
g:\education\c units\carrayslesson2\c-arrays-lesson2\src\debug\mainarrays1.obj
g:\education\c units\carrayslesson2\c-arrays-lesson2\src\debug\maxposnegsum.obj
g:\education\c units\carrayslesson2\c-arrays-lesson2\src\debug\onetwocount.obj
g:\education\c units\carrayslesson2\c-arrays-lesson2\src\debug\studentscount.obj
g:\education\c units\carrayslesson2\c-arrays-lesson2\src\debug\topkstudents.obj
g:\education\c units\carrayslesson2\c-arrays-lesson2\src\debug\scoresdescendingsort.obj
g:\education\c units\carrayslesson2\c-arrays-lesson2\src\debug\removearrayduplicates.obj
g:\education\c units\carrayslesson2\c-arrays-lesson2\src\debug\sortedarrayinsertnumber.obj
g:\education\c units\carrayslesson2\c-arrays-lesson2\src\debug\sortedarraypositionschange.obj
g:\education\c units\carrayslesson2\c-arrays-lesson2\src\debug\nprime.obj
g:\education\c units\carrayslesson2\c-arrays-lesson2\debug\src.ilk
g:\education\c units\carrayslesson2\c-arrays-lesson2\debug\src.exe
g:\education\c units\carrayslesson2\c-arrays-lesson2\debug\src.pdb
g:\education\c units\carrayslesson2\c-arrays-lesson2\src\debug\src.tlog\cl.command.1.tlog
g:\education\c units\carrayslesson2\c-arrays-lesson2\src\debug\src.tlog\cl.read.1.tlog
g:\education\c units\carrayslesson2\c-arrays-lesson2\src\debug\src.tlog\cl.write.1.tlog
g:\education\c units\carrayslesson2\c-arrays-lesson2\src\debug\src.tlog\link.command.1.tlog
g:\education\c units\carrayslesson2\c-arrays-lesson2\src\debug\src.tlog\link.read.1.tlog
g:\education\c units\carrayslesson2\c-arrays-lesson2\src\debug\src.tlog\link.write.1.tlog
